<?xml version="1.0" encoding="UTF-8"?>
<testsuite name="TestJunit" tests="1" skipped="0" failures="0" errors="0" timestamp="2017-05-26T08:14:48" hostname="DESKTOP-BJ5580L" time="0.0">
  <properties/>
  <testcase name="testAdd" classname="TestJunit" time="0.0"/>
  <system-out><![CDATA[]]></system-out>
  <system-err><![CDATA[]]></system-err>
</testsuite>
