<?xml version="1.0" encoding="UTF-8"?>
<testsuite name="game.server.core.SolveTest" tests="1" skipped="0" failures="0" errors="0" timestamp="2017-06-03T06:33:34" hostname="DESKTOP-BJ5580L" time="0.37">
  <properties/>
  <testcase name="login" classname="game.server.core.SolveTest" time="0.37"/>
  <system-out><![CDATA[jdbc:mysql://localhost:3306/1412578_1412591_1412550_user
]]></system-out>
  <system-err><![CDATA[]]></system-err>
</testsuite>
