<?xml version="1.0" encoding="UTF-8"?>
<testsuite name="game.server.core.NPCClientTest" tests="2" skipped="0" failures="0" errors="0" timestamp="2017-06-15T10:22:37" hostname="DESKTOP-FUPSOE7" time="0.0">
  <properties/>
  <testcase name="send" classname="game.server.core.NPCClientTest" time="0.0"/>
  <testcase name="receive" classname="game.server.core.NPCClientTest" time="0.0"/>
  <system-out><![CDATA[]]></system-out>
  <system-err><![CDATA[]]></system-err>
</testsuite>
